warning: [options] bootstrap class path not set in conjunction with -source 1.6
[parsing started RegularFileObject[/home/js/dev/repo/ridill/java/pgmCrawler/src/com/dulishuo/chasedream/MasterPostCrawler.java]]
[parsing completed 24ms]
[parsing started RegularFileObject[/home/js/dev/repo/ridill/java/pgmCrawler/src/com/dulishuo/chasedream/PostCrawler.java]]
[parsing completed 4ms]
[parsing started RegularFileObject[/home/js/dev/repo/ridill/java/pgmCrawler/src/com/dulishuo/chasedream/UrlGet.java]]
[parsing completed 1ms]
[parsing started RegularFileObject[/home/js/dev/repo/ridill/java/pgmCrawler/src/com/dulishuo/crawler/pgmCrawler.java]]
[parsing completed 3ms]
[parsing started RegularFileObject[/home/js/dev/repo/ridill/java/pgmCrawler/src/com/dulishuo/indexedu/PostGet.java]]
[parsing completed 5ms]
[parsing started RegularFileObject[/home/js/dev/repo/ridill/java/pgmCrawler/src/com/dulishuo/indexedu/TagEarse.java]]
[parsing completed 1ms]
[parsing started RegularFileObject[/home/js/dev/repo/ridill/java/pgmCrawler/src/com/dulishuo/indexedu/Test.java]]
[parsing completed 0ms]
[parsing started RegularFileObject[/home/js/dev/repo/ridill/java/pgmCrawler/src/com/dulishuo/indexedu/UrlGet.java]]
[parsing completed 1ms]
[parsing started RegularFileObject[/home/js/dev/repo/ridill/java/pgmCrawler/src/com/dulishuo/jituo/Test.java]]
[parsing completed 1ms]
[parsing started RegularFileObject[/home/js/dev/repo/ridill/java/pgmCrawler/src/com/dulishuo/jituo/offer/Crawler.java]]
[parsing completed 0ms]
[parsing started RegularFileObject[/home/js/dev/repo/ridill/java/pgmCrawler/src/com/dulishuo/qianmu/Util.java]]
[parsing completed 1ms]
[parsing started RegularFileObject[/home/js/dev/repo/ridill/java/pgmCrawler/src/com/dulishuo/qianmu/city/Crawler.java]]
[parsing completed 2ms]
[parsing started RegularFileObject[/home/js/dev/repo/ridill/java/pgmCrawler/src/com/dulishuo/qianmu/salary/Crawler.java]]
[parsing completed 3ms]
[parsing started RegularFileObject[/home/js/dev/repo/ridill/java/pgmCrawler/src/com/dulishuo/school/Chi.java]]
[parsing completed 1ms]
[parsing started RegularFileObject[/home/js/dev/repo/ridill/java/pgmCrawler/src/com/dulishuo/shenqingfang/PgmRankGet.java]]
[parsing completed 7ms]
[parsing started RegularFileObject[/home/js/dev/repo/ridill/java/pgmCrawler/src/com/dulishuo/shenqingfang/offer/UrlGet.java]]
[parsing completed 3ms]
[parsing started RegularFileObject[/home/js/dev/repo/ridill/java/pgmCrawler/src/com/dulishuo/shenqingfang/pgmGet.java]]
[parsing completed 2ms]
[parsing started RegularFileObject[/home/js/dev/repo/ridill/java/pgmCrawler/src/com/dulishuo/shenqingfang/professor/getProfessors.java]]
[parsing completed 0ms]
[parsing started RegularFileObject[/home/js/dev/repo/ridill/java/pgmCrawler/src/com/dulishuo/shunshun/UrlGet.java]]
[parsing completed 0ms]
[parsing started RegularFileObject[/home/js/dev/repo/ridill/java/pgmCrawler/src/com/dulishuo/test/Agri.java]]
[parsing completed 2ms]
[parsing started RegularFileObject[/home/js/dev/repo/ridill/java/pgmCrawler/src/com/dulishuo/test/JsoupNotTest.java]]
[parsing completed 1ms]
[parsing started RegularFileObject[/home/js/dev/repo/ridill/java/pgmCrawler/src/com/dulishuo/test/Translate0718.java]]
[parsing completed 1ms]
[parsing started RegularFileObject[/home/js/dev/repo/ridill/java/pgmCrawler/src/com/dulishuo/test/test0716.java]]
[parsing completed 1ms]
[parsing started RegularFileObject[/home/js/dev/repo/ridill/java/pgmCrawler/src/com/dulishuo/test/test07161.java]]
[parsing completed 0ms]
[parsing started RegularFileObject[/home/js/dev/repo/ridill/java/pgmCrawler/src/com/dulishuo/test/test07162.java]]
[parsing completed 0ms]
[parsing started RegularFileObject[/home/js/dev/repo/ridill/java/pgmCrawler/src/com/dulishuo/test/test0717.java]]
[parsing completed 2ms]
[parsing started RegularFileObject[/home/js/dev/repo/ridill/java/pgmCrawler/src/com/dulishuo/test/test0728.java]]
[parsing completed 1ms]
[parsing started RegularFileObject[/home/js/dev/repo/ridill/java/pgmCrawler/src/com/dulishuo/test/test0731.java]]
[parsing completed 0ms]
[parsing started RegularFileObject[/home/js/dev/repo/ridill/java/pgmCrawler/src/com/dulishuo/test/test0810.java]]
[parsing completed 1ms]
[parsing started RegularFileObject[/home/js/dev/repo/ridill/java/pgmCrawler/src/com/dulishuo/test/test7024.java]]
[parsing completed 0ms]
[parsing started RegularFileObject[/home/js/dev/repo/ridill/java/pgmCrawler/src/com/dulishuo/test/testGetFields.java]]
[parsing completed 2ms]
[parsing started RegularFileObject[/home/js/dev/repo/ridill/java/pgmCrawler/src/com/dulishuo/times/GetSchoolRank.java]]
[parsing completed 0ms]
[parsing started RegularFileObject[/home/js/dev/repo/ridill/java/pgmCrawler/src/com/dulishuo/times/sixteen/GlobalSchRak.java]]
[parsing completed 0ms]
[parsing started RegularFileObject[/home/js/dev/repo/ridill/java/pgmCrawler/src/com/dulishuo/usnews/AcceptEmployedRateGet.java]]
[parsing completed 1ms]
[parsing started RegularFileObject[/home/js/dev/repo/ridill/java/pgmCrawler/src/com/dulishuo/usnews/Comp.java]]
[parsing completed 0ms]
[parsing started RegularFileObject[/home/js/dev/repo/ridill/java/pgmCrawler/src/com/dulishuo/usnews/InfoGet.java]]
[parsing completed 1ms]
[parsing started RegularFileObject[/home/js/dev/repo/ridill/java/pgmCrawler/src/com/dulishuo/usnews/InstituteNewField.java]]
[parsing completed 0ms]
[parsing started RegularFileObject[/home/js/dev/repo/ridill/java/pgmCrawler/src/com/dulishuo/usnews/RequireGet.java]]
[parsing completed 1ms]
[parsing started RegularFileObject[/home/js/dev/repo/ridill/java/pgmCrawler/src/com/dulishuo/usnews/SchoolMatch.java]]
[parsing completed 0ms]
[parsing started RegularFileObject[/home/js/dev/repo/ridill/java/pgmCrawler/src/com/dulishuo/usnews/SixFacultyRanking.java]]
[parsing completed 1ms]
[parsing started RegularFileObject[/home/js/dev/repo/ridill/java/pgmCrawler/src/com/dulishuo/usnews/UrlGet.java]]
[parsing completed 1ms]
[parsing started RegularFileObject[/home/js/dev/repo/ridill/java/pgmCrawler/src/com/dulishuo/usnews/UrlGetGrab.java]]
[parsing completed 0ms]
[parsing started RegularFileObject[/home/js/dev/repo/ridill/java/pgmCrawler/src/com/dulishuo/usnews/sixteen/GlobalSchoolRank.java]]
[parsing completed 1ms]
[parsing started RegularFileObject[/home/js/dev/repo/ridill/java/pgmCrawler/src/com/dulishuo/util/CrawlerUtil.java]]
[parsing completed 1ms]
[parsing started RegularFileObject[/home/js/dev/repo/ridill/java/pgmCrawler/src/com/dulishuo/util/FileUtil.java]]
[parsing completed 2ms]
[parsing started RegularFileObject[/home/js/dev/repo/ridill/java/pgmCrawler/src/com/dulishuo/yimusanfendi/Crawler.java]]
[parsing completed 3ms]
[parsing started RegularFileObject[/home/js/dev/repo/ridill/java/pgmCrawler/src/com/dulishuo/yimusanfendi/CrawlerTask.java]]
[parsing completed 2ms]
[parsing started RegularFileObject[/home/js/dev/repo/ridill/java/pgmCrawler/src/com/dulishuo/yimusanfendi/TagEarse.java]]
[parsing completed 1ms]
[parsing started RegularFileObject[/home/js/dev/repo/ridill/java/pgmCrawler/src/com/dulishuo/yimusanfendi/UrlCrawler.java]]
[parsing completed 0ms]
[parsing started RegularFileObject[/home/js/dev/repo/ridill/java/pgmCrawler/src/com/dulishuo/yimusanfendi/luanmaProcess.java]]
[parsing completed 1ms]
[parsing started RegularFileObject[/home/js/dev/repo/ridill/java/pgmCrawler/src/com/dulishuo/yimusanfendi/offer/GetUrl.java]]
[parsing completed 0ms]
[parsing started RegularFileObject[/home/js/dev/repo/ridill/java/pgmCrawler/src/com/dulishuo/yimusanfendi/offer/getContent.java]]
[parsing completed 0ms]
[parsing started RegularFileObject[/home/js/dev/repo/ridill/java/pgmCrawler/src/com/dulishuo/yimusanfendi/offer/offerProcess.java]]
[parsing completed 4ms]
[parsing started RegularFileObject[/home/js/dev/repo/ridill/java/pgmCrawler/src/com/dulishuo/yimusanfendi/testCapture.java]]
[parsing completed 1ms]
[parsing started RegularFileObject[/home/js/dev/repo/ridill/java/pgmCrawler/src/com/dulishuo/zhongyingwang/RankEngSchool.java]]
[parsing completed 0ms]
[parsing started RegularFileObject[/home/js/dev/repo/ridill/java/pgmCrawler/src/com/dulishuo/zhongyingwang/Test.java]]
[parsing completed 1ms]
[parsing started RegularFileObject[/home/js/dev/repo/ridill/java/pgmCrawler/src/com/dulishuo/zhongyingwang/ZywCrawler.java]]
[parsing completed 1ms]
[parsing started RegularFileObject[/home/js/dev/repo/ridill/java/pgmCrawler/src/com/dulishuo/zhongyingwang/pgmProcess.java]]
[parsing completed 1ms]
[parsing started RegularFileObject[/home/js/dev/repo/ridill/java/pgmCrawler/src/com/dulishuo/zhongyingwang/shlIntroduce.java]]
[parsing completed 1ms]
[search path for source files: /home/js/dev/repo/ridill/java/pgmCrawler/src]
[search path for class files: /usr/lib/jvm/java-8-openjdk-amd64/jre/lib/resources.jar,/usr/lib/jvm/java-8-openjdk-amd64/jre/lib/rt.jar,/usr/lib/jvm/java-8-openjdk-amd64/jre/lib/sunrsasign.jar,/usr/lib/jvm/java-8-openjdk-amd64/jre/lib/jsse.jar,/usr/lib/jvm/java-8-openjdk-amd64/jre/lib/jce.jar,/usr/lib/jvm/java-8-openjdk-amd64/jre/lib/charsets.jar,/usr/lib/jvm/java-8-openjdk-amd64/jre/lib/jfr.jar,/usr/lib/jvm/java-8-openjdk-amd64/jre/classes,/usr/lib/jvm/java-8-openjdk-amd64/jre/lib/ext/sunjce_provider.jar,/usr/lib/jvm/java-8-openjdk-amd64/jre/lib/ext/jaccess.jar,/usr/lib/jvm/java-8-openjdk-amd64/jre/lib/ext/nashorn.jar,/usr/lib/jvm/java-8-openjdk-amd64/jre/lib/ext/sunec.jar,/usr/lib/jvm/java-8-openjdk-amd64/jre/lib/ext/sunpkcs11.jar,/usr/lib/jvm/java-8-openjdk-amd64/jre/lib/ext/icedtea-sound.jar,/usr/lib/jvm/java-8-openjdk-amd64/jre/lib/ext/dnsns.jar,/usr/lib/jvm/java-8-openjdk-amd64/jre/lib/ext/zipfs.jar,/usr/lib/jvm/java-8-openjdk-amd64/jre/lib/ext/cldrdata.jar,/usr/lib/jvm/java-8-openjdk-amd64/jre/lib/ext/localedata.jar,/home/js/dev/repo/ridill/java/pgmCrawler/build,/home/js/dev/repo/ridill/java/pgmCrawler/lib/IKAnalyzer2012FF_u1.jar,/home/js/dev/repo/ridill/java/pgmCrawler/lib/SocialtouchNLP.jar,/home/js/dev/repo/ridill/java/pgmCrawler/lib/avro-1.5.4.jar,/home/js/dev/repo/ridill/java/pgmCrawler/lib/c3p0-0.9.1.2.jar,/home/js/dev/repo/ridill/java/pgmCrawler/lib/commons-beanutils-core-1.8.0.jar,/home/js/dev/repo/ridill/java/pgmCrawler/lib/commons-codec-1.6.jar,/home/js/dev/repo/ridill/java/pgmCrawler/lib/commons-collections-3.2.1.jar,/home/js/dev/repo/ridill/java/pgmCrawler/lib/commons-configuration-1.6.jar,/home/js/dev/repo/ridill/java/pgmCrawler/lib/commons-httpclient-3.1.jar,/home/js/dev/repo/ridill/java/pgmCrawler/lib/commons-lang-2.5.jar,/home/js/dev/repo/ridill/java/pgmCrawler/lib/commons-logging-1.1.jar,/home/js/dev/repo/ridill/java/pgmCrawler/lib/commons-pool-1.6.jar,/home/js/dev/repo/ridill/java/pgmCrawler/lib/commons-pool2-2.1.jar,/home/js/dev/repo/ridill/java/pgmCrawler/lib/conversion.jar,/home/js/dev/repo/ridill/java/pgmCrawler/lib/curator-client-2.4.0.jar,/home/js/dev/repo/ridill/java/pgmCrawler/lib/curator-framework-2.4.0.jar,/home/js/dev/repo/ridill/java/pgmCrawler/lib/curator-recipes-2.6.1-SNAPSHOT.jar,/home/js/dev/repo/ridill/java/pgmCrawler/lib/dom4j-1.6.1.jar,/home/js/dev/repo/ridill/java/pgmCrawler/lib/druid-0.2.12.jar,/home/js/dev/repo/ridill/java/pgmCrawler/lib/ezmorph-1.0.6.jar,/home/js/dev/repo/ridill/java/pgmCrawler/lib/fluent-hc-4.2.5.jar,/home/js/dev/repo/ridill/java/pgmCrawler/lib/graphclient.jar,/home/js/dev/repo/ridill/java/pgmCrawler/lib/guava-11.0.2.jar,/home/js/dev/repo/ridill/java/pgmCrawler/lib/h2-1.3.170.jar,/home/js/dev/repo/ridill/java/pgmCrawler/lib/hadoop-auth-2.0.0-cdh4.0.0.jar,/home/js/dev/repo/ridill/java/pgmCrawler/lib/hadoop-common-2.0.0-cdh4.0.0.jar,/home/js/dev/repo/ridill/java/pgmCrawler/lib/hadoop-hdfs-2.0.0-cdh4.0.0.jar,/home/js/dev/repo/ridill/java/pgmCrawler/lib/hbase-0.92.1-cdh4.0.0-security.jar,/home/js/dev/repo/ridill/java/pgmCrawler/lib/htmlparser-1.6p.jar,/home/js/dev/repo/ridill/java/pgmCrawler/lib/httpclient-4.2.5.jar,/home/js/dev/repo/ridill/java/pgmCrawler/lib/httpclient-cache-4.2.5.jar,/home/js/dev/repo/ridill/java/pgmCrawler/lib/httpcore-4.2.4.jar,/home/js/dev/repo/ridill/java/pgmCrawler/lib/httpmime-4.2.5.jar,/home/js/dev/repo/ridill/java/pgmCrawler/lib/jackson-all-1.8.5.jar,/home/js/dev/repo/ridill/java/pgmCrawler/lib/jackson-annotations-2.1.4.jar,/home/js/dev/repo/ridill/java/pgmCrawler/lib/jackson-core-2.1.4.jar,/home/js/dev/repo/ridill/java/pgmCrawler/lib/jackson-databind-2.1.4.jar,/home/js/dev/repo/ridill/java/pgmCrawler/lib/json-lib-2.4-jdk15-sources.jar,/home/js/dev/repo/ridill/java/pgmCrawler/lib/json-lib-2.4-jdk15.jar,/home/js/dev/repo/ridill/java/pgmCrawler/lib/jsoup-1.7.2.jar,/home/js/dev/repo/ridill/java/pgmCrawler/lib/junit-4.8.1.jar,/home/js/dev/repo/ridill/java/pgmCrawler/lib/kafka-0.7.2.jar,/home/js/dev/repo/ridill/java/pgmCrawler/lib/libs/jopt-simple-3.2.jar,/home/js/dev/repo/ridill/java/pgmCrawler/lib/libs/zookeeper-3.3.4.jar,/home/js/dev/repo/ridill/java/pgmCrawler/lib/libs/scala-library.jar,/home/js/dev/repo/ridill/java/pgmCrawler/lib/libs/zkclient-0.1.jar,/home/js/dev/repo/ridill/java/pgmCrawler/lib/libs/log4j-1.2.15.jar,/home/js/dev/repo/ridill/java/pgmCrawler/lib/libs/snappy-java-1.0.4.1.jar,/home/js/dev/repo/ridill/java/pgmCrawler/lib/kafka-perf-0.7.2.jar,/home/js/dev/repo/ridill/java/pgmCrawler/lib/libthrift.jar,/home/js/dev/repo/ridill/java/pgmCrawler/lib/log4j-1.2.16.jar,/home/js/dev/repo/ridill/java/pgmCrawler/lib/mail.jar,/home/js/dev/repo/ridill/java/pgmCrawler/lib/mmseg4j-core-1.8.5-with-dic.jar,/home/js/dev/repo/ridill/java/pgmCrawler/lib/myfastjson.jar,/home/js/dev/repo/ridill/java/pgmCrawler/lib/myjedis.jar,/home/js/dev/repo/ridill/java/pgmCrawler/lib/mysinaapi.jar,/home/js/dev/repo/ridill/java/pgmCrawler/lib/mysql-connector-java-5.1.17.jar,/home/js/dev/repo/ridill/java/pgmCrawler/lib/netty-3.9.4.Final.jar,/home/js/dev/repo/ridill/java/pgmCrawler/lib/poi-3.9-20121203.jar,/home/js/dev/repo/ridill/java/pgmCrawler/lib/protobuf-java-2.4.0a.jar,/home/js/dev/repo/ridill/java/pgmCrawler/lib/rabbitmq-client.jar,/home/js/dev/repo/ridill/java/pgmCrawler/lib/scala-compiler.jar,/home/js/dev/repo/ridill/java/pgmCrawler/lib/scala-library.jar,/home/js/dev/repo/ridill/java/pgmCrawler/lib/slf4j-api-1.5.8.jar,/home/js/dev/repo/ridill/java/pgmCrawler/lib/slf4j-log4j12-1.5.8.jar,/home/js/dev/repo/ridill/java/pgmCrawler/lib/snappy-java-1.0.4.1.jar,/home/js/dev/repo/ridill/java/pgmCrawler/lib/zkclient-0.1.jar,/home/js/dev/repo/ridill/java/pgmCrawler/lib/zookeeper-3.4.3-cdh4.0.0.jar,/usr/share/ant/lib/ant-launcher.jar,/usr/share/ant/lib/ant.jar,/usr/share/ant/lib/ant-junit.jar,/usr/share/ant/lib/ant-jsch.jar,/usr/share/ant/lib/ant-javamail.jar,/usr/share/ant/lib/ant-contrib.jar,/usr/share/ant/lib/ant-apache-resolver.jar,/usr/share/ant/lib/ant-commons-net.jar,/usr/share/ant/lib/ant-apache-xalan2.jar,/usr/share/ant/lib/ant-jdepend.jar,/usr/share/ant/lib/ant-apache-log4j.jar,/usr/share/ant/lib/jsch.jar,/usr/share/ant/lib/ant-commons-logging.jar,/usr/share/ant/lib/ant-junit4.jar,/usr/share/ant/lib/ant-apache-bcel.jar,/usr/share/ant/lib/ant-apache-bsf.jar,/usr/share/ant/lib/ant-xz.jar,/usr/share/ant/lib/bcel.jar,/usr/share/ant/lib/ant-testutil.jar,/usr/share/ant/lib/ant-apache-oro.jar,/usr/share/ant/lib/ant-apache-regexp.jar,/usr/share/ant/lib/ant-swing.jar,/usr/share/ant/lib/ant-antlr.jar,/usr/share/ant/lib/ant-jmf.jar,/usr/lib/jvm/java-8-openjdk-amd64/lib/tools.jar]
[loading ZipFileIndexFileObject[/usr/lib/jvm/java-8-openjdk-amd64/lib/ct.sym(META-INF/sym/rt.jar/java/io/BufferedReader.class)]]
[loading ZipFileIndexFileObject[/usr/lib/jvm/java-8-openjdk-amd64/lib/ct.sym(META-INF/sym/rt.jar/java/io/BufferedWriter.class)]]
[loading ZipFileIndexFileObject[/usr/lib/jvm/java-8-openjdk-amd64/lib/ct.sym(META-INF/sym/rt.jar/java/io/FileInputStream.class)]]
[loading ZipFileIndexFileObject[/usr/lib/jvm/java-8-openjdk-amd64/lib/ct.sym(META-INF/sym/rt.jar/java/io/FileOutputStream.class)]]
[loading ZipFileIndexFileObject[/usr/lib/jvm/java-8-openjdk-amd64/lib/ct.sym(META-INF/sym/rt.jar/java/io/IOException.class)]]
[loading ZipFileIndexFileObject[/usr/lib/jvm/java-8-openjdk-amd64/lib/ct.sym(META-INF/sym/rt.jar/java/io/InputStreamReader.class)]]
[loading ZipFileIndexFileObject[/usr/lib/jvm/java-8-openjdk-amd64/lib/ct.sym(META-INF/sym/rt.jar/java/io/OutputStreamWriter.class)]]
[loading ZipFileIndexFileObject[/usr/lib/jvm/java-8-openjdk-amd64/lib/ct.sym(META-INF/sym/rt.jar/java/util/ArrayList.class)]]
[loading ZipFileIndexFileObject[/usr/lib/jvm/java-8-openjdk-amd64/lib/ct.sym(META-INF/sym/rt.jar/java/util/HashMap.class)]]
[loading ZipFileIndexFileObject[/usr/lib/jvm/java-8-openjdk-amd64/lib/ct.sym(META-INF/sym/rt.jar/java/util/List.class)]]
[loading ZipFileIndexFileObject[/usr/lib/jvm/java-8-openjdk-amd64/lib/ct.sym(META-INF/sym/rt.jar/java/util/Map.class)]]
[loading ZipFileIndexFileObject[/home/js/dev/repo/ridill/java/pgmCrawler/lib/json-lib-2.4-jdk15.jar(net/sf/json/JSONArray.class)]]
[loading ZipFileIndexFileObject[/home/js/dev/repo/ridill/java/pgmCrawler/lib/json-lib-2.4-jdk15.jar(net/sf/json/JSONObject.class)]]
[loading ZipFileIndexFileObject[/home/js/dev/repo/ridill/java/pgmCrawler/lib/jsoup-1.7.2.jar(org/jsoup/Jsoup.class)]]
[loading ZipFileIndexFileObject[/home/js/dev/repo/ridill/java/pgmCrawler/lib/jsoup-1.7.2.jar(org/jsoup/nodes/Document.class)]]
[loading ZipFileIndexFileObject[/home/js/dev/repo/ridill/java/pgmCrawler/lib/jsoup-1.7.2.jar(org/jsoup/nodes/Element.class)]]
[loading ZipFileIndexFileObject[/home/js/dev/repo/ridill/java/pgmCrawler/lib/jsoup-1.7.2.jar(org/jsoup/select/Elements.class)]]
[loading ZipFileIndexFileObject[/usr/lib/jvm/java-8-openjdk-amd64/lib/ct.sym(META-INF/sym/rt.jar/java/lang/Object.class)]]
[loading ZipFileIndexFileObject[/usr/lib/jvm/java-8-openjdk-amd64/lib/ct.sym(META-INF/sym/rt.jar/java/lang/String.class)]]
[loading ZipFileIndexFileObject[/usr/lib/jvm/java-8-openjdk-amd64/lib/ct.sym(META-INF/sym/rt.jar/java/io/FileWriter.class)]]
[loading ZipFileIndexFileObject[/home/js/dev/repo/ridill/java/pgmCrawler/lib/commons-httpclient-3.1.jar(org/apache/commons/httpclient/HttpClient.class)]]
[loading ZipFileIndexFileObject[/home/js/dev/repo/ridill/java/pgmCrawler/lib/commons-httpclient-3.1.jar(org/apache/commons/httpclient/HttpException.class)]]
[loading ZipFileIndexFileObject[/home/js/dev/repo/ridill/java/pgmCrawler/lib/commons-httpclient-3.1.jar(org/apache/commons/httpclient/methods/GetMethod.class)]]
[loading ZipFileIndexFileObject[/usr/lib/jvm/java-8-openjdk-amd64/lib/ct.sym(META-INF/sym/rt.jar/java/io/File.class)]]
[loading ZipFileIndexFileObject[/usr/lib/jvm/java-8-openjdk-amd64/lib/ct.sym(META-INF/sym/rt.jar/java/io/FileNotFoundException.class)]]
[loading ZipFileIndexFileObject[/usr/lib/jvm/java-8-openjdk-amd64/lib/ct.sym(META-INF/sym/rt.jar/java/util/regex/Matcher.class)]]
[loading ZipFileIndexFileObject[/usr/lib/jvm/java-8-openjdk-amd64/lib/ct.sym(META-INF/sym/rt.jar/java/util/regex/Pattern.class)]]
[loading ZipFileIndexFileObject[/home/js/dev/repo/ridill/java/pgmCrawler/lib/commons-httpclient-3.1.jar(org/apache/commons/httpclient/methods/PostMethod.class)]]
[loading ZipFileIndexFileObject[/home/js/dev/repo/ridill/java/pgmCrawler/lib/log4j-1.2.16.jar(org/apache/log4j/Logger.class)]]
[loading ZipFileIndexFileObject[/usr/lib/jvm/java-8-openjdk-amd64/lib/ct.sym(META-INF/sym/rt.jar/java/io/InputStream.class)]]
[loading ZipFileIndexFileObject[/usr/lib/jvm/java-8-openjdk-amd64/lib/ct.sym(META-INF/sym/rt.jar/java/io/UnsupportedEncodingException.class)]]
[loading ZipFileIndexFileObject[/usr/lib/jvm/java-8-openjdk-amd64/lib/ct.sym(META-INF/sym/rt.jar/java/net/HttpURLConnection.class)]]
[loading ZipFileIndexFileObject[/usr/lib/jvm/java-8-openjdk-amd64/lib/ct.sym(META-INF/sym/rt.jar/java/net/URL.class)]]
[loading ZipFileIndexFileObject[/usr/lib/jvm/java-8-openjdk-amd64/lib/ct.sym(META-INF/sym/rt.jar/java/net/URLEncoder.class)]]
[loading ZipFileIndexFileObject[/usr/lib/jvm/java-8-openjdk-amd64/lib/ct.sym(META-INF/sym/rt.jar/java/text/ParseException.class)]]
[loading ZipFileIndexFileObject[/usr/lib/jvm/java-8-openjdk-amd64/lib/ct.sym(META-INF/sym/rt.jar/java/text/SimpleDateFormat.class)]]
[loading ZipFileIndexFileObject[/usr/lib/jvm/java-8-openjdk-amd64/lib/ct.sym(META-INF/sym/rt.jar/java/util/Date.class)]]
[loading ZipFileIndexFileObject[/home/js/dev/repo/ridill/java/pgmCrawler/lib/SocialtouchNLP.jar(org/apache/commons/lang/StringEscapeUtils.class)]]
[loading ZipFileIndexFileObject[/usr/lib/jvm/java-8-openjdk-amd64/lib/ct.sym(META-INF/sym/rt.jar/java/util/HashSet.class)]]
[loading ZipFileIndexFileObject[/usr/lib/jvm/java-8-openjdk-amd64/lib/ct.sym(META-INF/sym/rt.jar/java/util/Set.class)]]
[loading ZipFileIndexFileObject[/usr/lib/jvm/java-8-openjdk-amd64/lib/ct.sym(META-INF/sym/rt.jar/java/net/URLDecoder.class)]]
[loading ZipFileIndexFileObject[/usr/lib/jvm/java-8-openjdk-amd64/lib/ct.sym(META-INF/sym/rt.jar/java/util/Arrays.class)]]
[loading ZipFileIndexFileObject[/usr/lib/jvm/java-8-openjdk-amd64/lib/ct.sym(META-INF/sym/rt.jar/java/util/Map$Entry.class)]]
[loading ZipFileIndexFileObject[/usr/lib/jvm/java-8-openjdk-amd64/lib/ct.sym(META-INF/sym/rt.jar/java/util/Collection.class)]]
[loading ZipFileIndexFileObject[/usr/lib/jvm/java-8-openjdk-amd64/lib/ct.sym(META-INF/sym/rt.jar/java/lang/Integer.class)]]
[loading ZipFileIndexFileObject[/home/js/dev/repo/ridill/java/pgmCrawler/lib/jsoup-1.7.2.jar(org/jsoup/safety/Whitelist.class)]]
[loading ZipFileIndexFileObject[/usr/lib/jvm/java-8-openjdk-amd64/lib/ct.sym(META-INF/sym/rt.jar/java/util/concurrent/ExecutionException.class)]]
[loading ZipFileIndexFileObject[/usr/lib/jvm/java-8-openjdk-amd64/lib/ct.sym(META-INF/sym/rt.jar/java/util/concurrent/ExecutorService.class)]]
[loading ZipFileIndexFileObject[/usr/lib/jvm/java-8-openjdk-amd64/lib/ct.sym(META-INF/sym/rt.jar/java/util/concurrent/Executors.class)]]
[loading ZipFileIndexFileObject[/usr/lib/jvm/java-8-openjdk-amd64/lib/ct.sym(META-INF/sym/rt.jar/java/util/concurrent/Future.class)]]
[loading ZipFileIndexFileObject[/usr/lib/jvm/java-8-openjdk-amd64/lib/ct.sym(META-INF/sym/rt.jar/java/io/ByteArrayOutputStream.class)]]
[loading ZipFileIndexFileObject[/usr/lib/jvm/java-8-openjdk-amd64/lib/ct.sym(META-INF/sym/rt.jar/java/security/cert/CertificateException.class)]]
[loading ZipFileIndexFileObject[/usr/lib/jvm/java-8-openjdk-amd64/lib/ct.sym(META-INF/sym/rt.jar/java/security/cert/X509Certificate.class)]]
[loading ZipFileIndexFileObject[/usr/lib/jvm/java-8-openjdk-amd64/lib/ct.sym(META-INF/sym/rt.jar/javax/net/ssl/HostnameVerifier.class)]]
[loading ZipFileIndexFileObject[/usr/lib/jvm/java-8-openjdk-amd64/lib/ct.sym(META-INF/sym/rt.jar/javax/net/ssl/HttpsURLConnection.class)]]
[loading ZipFileIndexFileObject[/usr/lib/jvm/java-8-openjdk-amd64/lib/ct.sym(META-INF/sym/rt.jar/javax/net/ssl/SSLContext.class)]]
[loading ZipFileIndexFileObject[/usr/lib/jvm/java-8-openjdk-amd64/lib/ct.sym(META-INF/sym/rt.jar/javax/net/ssl/SSLSession.class)]]
[loading ZipFileIndexFileObject[/usr/lib/jvm/java-8-openjdk-amd64/lib/ct.sym(META-INF/sym/rt.jar/javax/net/ssl/SSLSocketFactory.class)]]
[loading ZipFileIndexFileObject[/usr/lib/jvm/java-8-openjdk-amd64/lib/ct.sym(META-INF/sym/rt.jar/javax/net/ssl/TrustManager.class)]]
[loading ZipFileIndexFileObject[/usr/lib/jvm/java-8-openjdk-amd64/lib/ct.sym(META-INF/sym/rt.jar/javax/net/ssl/X509TrustManager.class)]]
[loading ZipFileIndexFileObject[/home/js/dev/repo/ridill/java/pgmCrawler/lib/scala-compiler.jar(ch/epfl/lamp/fjbg/JConstantPool.class)]]
[loading ZipFileIndexFileObject[/home/js/dev/repo/ridill/java/pgmCrawler/lib/scala-compiler.jar(ch/epfl/lamp/fjbg/JConstantPool$Entry.class)]]
[loading ZipFileIndexFileObject[/usr/lib/jvm/java-8-openjdk-amd64/lib/ct.sym(META-INF/sym/rt.jar/java/nio/charset/Charset.class)]]
[loading ZipFileIndexFileObject[/usr/lib/jvm/java-8-openjdk-amd64/lib/ct.sym(META-INF/sym/rt.jar/javax/swing/text/html/HTML.class)]]
[loading ZipFileIndexFileObject[/home/js/dev/repo/ridill/java/pgmCrawler/lib/commons-httpclient-3.1.jar(org/apache/commons/httpclient/Cookie.class)]]
[loading ZipFileIndexFileObject[/home/js/dev/repo/ridill/java/pgmCrawler/lib/commons-httpclient-3.1.jar(org/apache/commons/httpclient/NameValuePair.class)]]
[loading ZipFileIndexFileObject[/home/js/dev/repo/ridill/java/pgmCrawler/lib/commons-httpclient-3.1.jar(org/apache/commons/httpclient/cookie/CookiePolicy.class)]]
[loading ZipFileIndexFileObject[/home/js/dev/repo/ridill/java/pgmCrawler/lib/poi-3.9-20121203.jar(org/apache/poi/hssf/usermodel/HSSFRow.class)]]
[loading ZipFileIndexFileObject[/home/js/dev/repo/ridill/java/pgmCrawler/lib/poi-3.9-20121203.jar(org/apache/poi/hssf/usermodel/HSSFSheet.class)]]
[loading ZipFileIndexFileObject[/home/js/dev/repo/ridill/java/pgmCrawler/lib/poi-3.9-20121203.jar(org/apache/poi/hssf/usermodel/HSSFWorkbook.class)]]
[loading ZipFileIndexFileObject[/home/js/dev/repo/ridill/java/pgmCrawler/lib/poi-3.9-20121203.jar(org/apache/poi/poifs/filesystem/POIFSFileSystem.class)]]
[loading ZipFileIndexFileObject[/usr/lib/jvm/java-8-openjdk-amd64/lib/ct.sym(META-INF/sym/rt.jar/java/util/concurrent/Callable.class)]]
[loading ZipFileIndexFileObject[/usr/lib/jvm/java-8-openjdk-amd64/lib/ct.sym(META-INF/sym/rt.jar/java/lang/Exception.class)]]
[loading ZipFileIndexFileObject[/usr/lib/jvm/java-8-openjdk-amd64/lib/ct.sym(META-INF/sym/rt.jar/java/io/OutputStream.class)]]
[loading ZipFileIndexFileObject[/usr/lib/jvm/java-8-openjdk-amd64/lib/ct.sym(META-INF/sym/rt.jar/java/util/zip/GZIPInputStream.class)]]
[loading ZipFileIndexFileObject[/usr/lib/jvm/java-8-openjdk-amd64/lib/ct.sym(META-INF/sym/rt.jar/java/lang/Override.class)]]
[loading ZipFileIndexFileObject[/usr/lib/jvm/java-8-openjdk-amd64/lib/ct.sym(META-INF/sym/rt.jar/java/lang/annotation/Annotation.class)]]
[loading ZipFileIndexFileObject[/usr/lib/jvm/java-8-openjdk-amd64/lib/ct.sym(META-INF/sym/rt.jar/java/lang/annotation/Target.class)]]
[loading ZipFileIndexFileObject[/usr/lib/jvm/java-8-openjdk-amd64/lib/ct.sym(META-INF/sym/rt.jar/java/lang/annotation/ElementType.class)]]
[loading ZipFileIndexFileObject[/usr/lib/jvm/java-8-openjdk-amd64/lib/ct.sym(META-INF/sym/rt.jar/java/lang/annotation/Retention.class)]]
[loading ZipFileIndexFileObject[/usr/lib/jvm/java-8-openjdk-amd64/lib/ct.sym(META-INF/sym/rt.jar/java/lang/annotation/RetentionPolicy.class)]]
[checking com.dulishuo.chasedream.MasterPostCrawler]
[loading ZipFileIndexFileObject[/usr/lib/jvm/java-8-openjdk-amd64/lib/ct.sym(META-INF/sym/rt.jar/java/io/Serializable.class)]]
[loading ZipFileIndexFileObject[/usr/lib/jvm/java-8-openjdk-amd64/lib/ct.sym(META-INF/sym/rt.jar/java/lang/AutoCloseable.class)]]
[loading ZipFileIndexFileObject[/usr/lib/jvm/java-8-openjdk-amd64/lib/ct.sym(META-INF/sym/rt.jar/java/lang/Throwable.class)]]
[loading ZipFileIndexFileObject[/usr/lib/jvm/java-8-openjdk-amd64/lib/ct.sym(META-INF/sym/rt.jar/java/lang/System.class)]]
[loading ZipFileIndexFileObject[/usr/lib/jvm/java-8-openjdk-amd64/lib/ct.sym(META-INF/sym/rt.jar/java/io/FileDescriptor.class)]]
[loading ZipFileIndexFileObject[/usr/lib/jvm/java-8-openjdk-amd64/lib/ct.sym(META-INF/sym/rt.jar/java/util/AbstractList.class)]]
[loading ZipFileIndexFileObject[/usr/lib/jvm/java-8-openjdk-amd64/lib/ct.sym(META-INF/sym/rt.jar/java/util/AbstractCollection.class)]]
[loading ZipFileIndexFileObject[/usr/lib/jvm/java-8-openjdk-amd64/lib/ct.sym(META-INF/sym/rt.jar/java/lang/Iterable.class)]]
[loading ZipFileIndexFileObject[/usr/lib/jvm/java-8-openjdk-amd64/lib/ct.sym(META-INF/sym/rt.jar/java/io/Reader.class)]]
[loading ZipFileIndexFileObject[/usr/lib/jvm/java-8-openjdk-amd64/lib/ct.sym(META-INF/sym/rt.jar/java/lang/Readable.class)]]
[loading ZipFileIndexFileObject[/usr/lib/jvm/java-8-openjdk-amd64/lib/ct.sym(META-INF/sym/rt.jar/java/io/Closeable.class)]]
[loading ZipFileIndexFileObject[/usr/lib/jvm/java-8-openjdk-amd64/lib/ct.sym(META-INF/sym/rt.jar/java/io/PrintStream.class)]]
[loading ZipFileIndexFileObject[/usr/lib/jvm/java-8-openjdk-amd64/lib/ct.sym(META-INF/sym/rt.jar/java/lang/Appendable.class)]]
[loading ZipFileIndexFileObject[/usr/lib/jvm/java-8-openjdk-amd64/lib/ct.sym(META-INF/sym/rt.jar/java/io/FilterOutputStream.class)]]
[loading ZipFileIndexFileObject[/usr/lib/jvm/java-8-openjdk-amd64/lib/ct.sym(META-INF/sym/rt.jar/java/io/Flushable.class)]]
[loading ZipFileIndexFileObject[/usr/lib/jvm/java-8-openjdk-amd64/lib/ct.sym(META-INF/sym/rt.jar/java/lang/Thread.class)]]
[loading ZipFileIndexFileObject[/usr/lib/jvm/java-8-openjdk-amd64/lib/ct.sym(META-INF/sym/rt.jar/sun/misc/Contended.class)]]
[loading ZipFileIndexFileObject[/usr/lib/jvm/java-8-openjdk-amd64/lib/ct.sym(META-INF/sym/rt.jar/java/lang/Runnable.class)]]
[loading ZipFileIndexFileObject[/usr/lib/jvm/java-8-openjdk-amd64/lib/ct.sym(META-INF/sym/rt.jar/java/lang/InterruptedException.class)]]
[loading ZipFileIndexFileObject[/usr/lib/jvm/java-8-openjdk-amd64/lib/ct.sym(META-INF/sym/rt.jar/java/io/Writer.class)]]
[loading ZipFileIndexFileObject[/usr/lib/jvm/java-8-openjdk-amd64/lib/ct.sym(META-INF/sym/rt.jar/java/util/AbstractMap.class)]]
[loading ZipFileIndexFileObject[/home/js/dev/repo/ridill/java/pgmCrawler/lib/jsoup-1.7.2.jar(org/jsoup/nodes/Node.class)]]
[loading ZipFileIndexFileObject[/usr/lib/jvm/java-8-openjdk-amd64/lib/ct.sym(META-INF/sym/rt.jar/java/lang/Cloneable.class)]]
[loading ZipFileIndexFileObject[/usr/lib/jvm/java-8-openjdk-amd64/lib/ct.sym(META-INF/sym/rt.jar/java/lang/Comparable.class)]]
[loading ZipFileIndexFileObject[/usr/lib/jvm/java-8-openjdk-amd64/lib/ct.sym(META-INF/sym/rt.jar/java/lang/CharSequence.class)]]
[loading ZipFileIndexFileObject[/home/js/dev/repo/ridill/java/pgmCrawler/lib/json-lib-2.4-jdk15.jar(net/sf/json/JSON.class)]]
[loading ZipFileIndexFileObject[/home/js/dev/repo/ridill/java/pgmCrawler/lib/json-lib-2.4-jdk15.jar(net/sf/json/AbstractJSON.class)]]
[loading ZipFileIndexFileObject[/usr/lib/jvm/java-8-openjdk-amd64/lib/ct.sym(META-INF/sym/rt.jar/java/lang/Number.class)]]
[loading ZipFileIndexFileObject[/usr/lib/jvm/java-8-openjdk-amd64/lib/ct.sym(META-INF/sym/rt.jar/java/lang/Error.class)]]
[loading ZipFileIndexFileObject[/usr/lib/jvm/java-8-openjdk-amd64/lib/ct.sym(META-INF/sym/rt.jar/java/lang/RuntimeException.class)]]
[loading ZipFileIndexFileObject[/usr/lib/jvm/java-8-openjdk-amd64/lib/ct.sym(META-INF/sym/rt.jar/java/lang/NumberFormatException.class)]]
[loading ZipFileIndexFileObject[/usr/lib/jvm/java-8-openjdk-amd64/lib/ct.sym(META-INF/sym/rt.jar/java/lang/IllegalArgumentException.class)]]
[loading ZipFileIndexFileObject[/usr/lib/jvm/java-8-openjdk-amd64/lib/ct.sym(META-INF/sym/rt.jar/java/util/Iterator.class)]]
[loading ZipFileIndexFileObject[/usr/lib/jvm/java-8-openjdk-amd64/lib/ct.sym(META-INF/sym/rt.jar/java/lang/Byte.class)]]
[loading ZipFileIndexFileObject[/usr/lib/jvm/java-8-openjdk-amd64/lib/ct.sym(META-INF/sym/rt.jar/java/lang/Character.class)]]
[loading ZipFileIndexFileObject[/usr/lib/jvm/java-8-openjdk-amd64/lib/ct.sym(META-INF/sym/rt.jar/java/lang/Short.class)]]
[loading ZipFileIndexFileObject[/usr/lib/jvm/java-8-openjdk-amd64/lib/ct.sym(META-INF/sym/rt.jar/java/lang/Long.class)]]
[loading ZipFileIndexFileObject[/usr/lib/jvm/java-8-openjdk-amd64/lib/ct.sym(META-INF/sym/rt.jar/java/lang/Float.class)]]
[loading ZipFileIndexFileObject[/usr/lib/jvm/java-8-openjdk-amd64/lib/ct.sym(META-INF/sym/rt.jar/java/lang/Double.class)]]
[loading ZipFileIndexFileObject[/usr/lib/jvm/java-8-openjdk-amd64/lib/ct.sym(META-INF/sym/rt.jar/java/lang/Boolean.class)]]
[loading ZipFileIndexFileObject[/usr/lib/jvm/java-8-openjdk-amd64/lib/ct.sym(META-INF/sym/rt.jar/java/lang/Void.class)]]
[loading ZipFileIndexFileObject[/usr/lib/jvm/java-8-openjdk-amd64/lib/ct.sym(META-INF/sym/rt.jar/java/lang/StringBuilder.class)]]
[loading ZipFileIndexFileObject[/usr/lib/jvm/java-8-openjdk-amd64/lib/ct.sym(META-INF/sym/rt.jar/java/lang/AbstractStringBuilder.class)]]
[loading ZipFileIndexFileObject[/usr/lib/jvm/java-8-openjdk-amd64/lib/ct.sym(META-INF/sym/rt.jar/java/lang/StringBuffer.class)]]
[wrote RegularFileObject[/home/js/dev/repo/ridill/java/pgmCrawler/build/com/dulishuo/chasedream/MasterPostCrawler.class]]
[checking com.dulishuo.chasedream.PostCrawler]
[wrote RegularFileObject[/home/js/dev/repo/ridill/java/pgmCrawler/build/com/dulishuo/chasedream/PostCrawler.class]]
[checking com.dulishuo.chasedream.UrlGet]
[wrote RegularFileObject[/home/js/dev/repo/ridill/java/pgmCrawler/build/com/dulishuo/chasedream/UrlGet.class]]
[checking com.dulishuo.crawler.pgmCrawler]
[loading ZipFileIndexFileObject[/home/js/dev/repo/ridill/java/pgmCrawler/lib/commons-httpclient-3.1.jar(org/apache/commons/httpclient/methods/EntityEnclosingMethod.class)]]
[loading ZipFileIndexFileObject[/home/js/dev/repo/ridill/java/pgmCrawler/lib/commons-httpclient-3.1.jar(org/apache/commons/httpclient/methods/ExpectContinueMethod.class)]]
[loading ZipFileIndexFileObject[/home/js/dev/repo/ridill/java/pgmCrawler/lib/commons-httpclient-3.1.jar(org/apache/commons/httpclient/HttpMethodBase.class)]]
[loading ZipFileIndexFileObject[/home/js/dev/repo/ridill/java/pgmCrawler/lib/commons-httpclient-3.1.jar(org/apache/commons/httpclient/HttpMethod.class)]]
[loading ZipFileIndexFileObject[/usr/lib/jvm/java-8-openjdk-amd64/lib/ct.sym(META-INF/sym/rt.jar/java/util/regex/MatchResult.class)]]
[wrote RegularFileObject[/home/js/dev/repo/ridill/java/pgmCrawler/build/com/dulishuo/crawler/pgmCrawler.class]]
[checking com.dulishuo.indexedu.PostGet]
[loading ZipFileIndexFileObject[/usr/lib/jvm/java-8-openjdk-amd64/lib/ct.sym(META-INF/sym/rt.jar/java/lang/Class.class)]]
[loading ZipFileIndexFileObject[/home/js/dev/repo/ridill/java/pgmCrawler/lib/log4j-1.2.16.jar(org/apache/log4j/Category.class)]]
[loading ZipFileIndexFileObject[/home/js/dev/repo/ridill/java/pgmCrawler/lib/log4j-1.2.16.jar(org/apache/log4j/spi/AppenderAttachable.class)]]
[loading ZipFileIndexFileObject[/usr/lib/jvm/java-8-openjdk-amd64/lib/ct.sym(META-INF/sym/rt.jar/java/text/DateFormat.class)]]
[loading ZipFileIndexFileObject[/usr/lib/jvm/java-8-openjdk-amd64/lib/ct.sym(META-INF/sym/rt.jar/java/text/Format.class)]]
[loading ZipFileIndexFileObject[/usr/lib/jvm/java-8-openjdk-amd64/lib/ct.sym(META-INF/sym/rt.jar/java/net/URLConnection.class)]]
[loading ZipFileIndexFileObject[/usr/lib/jvm/java-8-openjdk-amd64/lib/ct.sym(META-INF/sym/rt.jar/java/net/MalformedURLException.class)]]
[wrote RegularFileObject[/home/js/dev/repo/ridill/java/pgmCrawler/build/com/dulishuo/indexedu/PostGet.class]]
[checking com.dulishuo.indexedu.TagEarse]
[wrote RegularFileObject[/home/js/dev/repo/ridill/java/pgmCrawler/build/com/dulishuo/indexedu/TagEarse.class]]
[checking com.dulishuo.indexedu.Test]
[wrote RegularFileObject[/home/js/dev/repo/ridill/java/pgmCrawler/build/com/dulishuo/indexedu/Test.class]]
[checking com.dulishuo.indexedu.UrlGet]
[wrote RegularFileObject[/home/js/dev/repo/ridill/java/pgmCrawler/build/com/dulishuo/indexedu/UrlGet.class]]
[checking com.dulishuo.jituo.Test]
[wrote RegularFileObject[/home/js/dev/repo/ridill/java/pgmCrawler/build/com/dulishuo/jituo/Test.class]]
[checking com.dulishuo.jituo.offer.Crawler]
[wrote RegularFileObject[/home/js/dev/repo/ridill/java/pgmCrawler/build/com/dulishuo/jituo/offer/Crawler.class]]
[checking com.dulishuo.qianmu.Util]
[wrote RegularFileObject[/home/js/dev/repo/ridill/java/pgmCrawler/build/com/dulishuo/qianmu/Util.class]]
[checking com.dulishuo.qianmu.city.Crawler]
[loading ZipFileIndexFileObject[/usr/lib/jvm/java-8-openjdk-amd64/lib/ct.sym(META-INF/sym/rt.jar/java/util/AbstractSet.class)]]
[wrote RegularFileObject[/home/js/dev/repo/ridill/java/pgmCrawler/build/com/dulishuo/qianmu/city/Crawler.class]]
[checking com.dulishuo.qianmu.salary.Crawler]
[wrote RegularFileObject[/home/js/dev/repo/ridill/java/pgmCrawler/build/com/dulishuo/qianmu/salary/Crawler.class]]
[checking com.dulishuo.school.Chi]
[wrote RegularFileObject[/home/js/dev/repo/ridill/java/pgmCrawler/build/com/dulishuo/school/Chi.class]]
[checking com.dulishuo.shenqingfang.PgmRankGet]
[wrote RegularFileObject[/home/js/dev/repo/ridill/java/pgmCrawler/build/com/dulishuo/shenqingfang/PgmRankGet.class]]
[checking com.dulishuo.shenqingfang.offer.UrlGet]
[loading ZipFileIndexFileObject[/usr/lib/jvm/java-8-openjdk-amd64/lib/ct.sym(META-INF/sym/rt.jar/java/lang/reflect/GenericDeclaration.class)]]
[loading ZipFileIndexFileObject[/usr/lib/jvm/java-8-openjdk-amd64/lib/ct.sym(META-INF/sym/rt.jar/java/lang/reflect/AnnotatedElement.class)]]
[loading ZipFileIndexFileObject[/usr/lib/jvm/java-8-openjdk-amd64/lib/ct.sym(META-INF/sym/rt.jar/java/lang/reflect/Type.class)]]
[wrote RegularFileObject[/home/js/dev/repo/ridill/java/pgmCrawler/build/com/dulishuo/shenqingfang/offer/UrlGet.class]]
[checking com.dulishuo.shenqingfang.pgmGet]
[wrote RegularFileObject[/home/js/dev/repo/ridill/java/pgmCrawler/build/com/dulishuo/shenqingfang/pgmGet.class]]
[checking com.dulishuo.shenqingfang.professor.getProfessors]
[wrote RegularFileObject[/home/js/dev/repo/ridill/java/pgmCrawler/build/com/dulishuo/shenqingfang/professor/getProfessors.class]]
[checking com.dulishuo.shunshun.UrlGet]
[wrote RegularFileObject[/home/js/dev/repo/ridill/java/pgmCrawler/build/com/dulishuo/shunshun/UrlGet.class]]
[checking com.dulishuo.test.Agri]
[wrote RegularFileObject[/home/js/dev/repo/ridill/java/pgmCrawler/build/com/dulishuo/test/Agri.class]]
[checking com.dulishuo.test.JsoupNotTest]
[wrote RegularFileObject[/home/js/dev/repo/ridill/java/pgmCrawler/build/com/dulishuo/test/JsoupNotTest.class]]
[checking com.dulishuo.test.Translate0718]
[wrote RegularFileObject[/home/js/dev/repo/ridill/java/pgmCrawler/build/com/dulishuo/test/Translate0718.class]]
[checking com.dulishuo.test.test0716]
[wrote RegularFileObject[/home/js/dev/repo/ridill/java/pgmCrawler/build/com/dulishuo/test/test0716.class]]
[checking com.dulishuo.test.test07161]
[wrote RegularFileObject[/home/js/dev/repo/ridill/java/pgmCrawler/build/com/dulishuo/test/test07161.class]]
[checking com.dulishuo.test.test07162]
[wrote RegularFileObject[/home/js/dev/repo/ridill/java/pgmCrawler/build/com/dulishuo/test/test07162.class]]
[checking com.dulishuo.test.test0717]
[wrote RegularFileObject[/home/js/dev/repo/ridill/java/pgmCrawler/build/com/dulishuo/test/test0717.class]]
[checking com.dulishuo.test.test0728]
[loading ZipFileIndexFileObject[/usr/lib/jvm/java-8-openjdk-amd64/lib/ct.sym(META-INF/sym/rt.jar/java/security/GeneralSecurityException.class)]]
[loading ZipFileIndexFileObject[/usr/lib/jvm/java-8-openjdk-amd64/lib/ct.sym(META-INF/sym/rt.jar/java/security/Provider.class)]]
[loading ZipFileIndexFileObject[/usr/lib/jvm/java-8-openjdk-amd64/lib/ct.sym(META-INF/sym/rt.jar/java/security/SecureRandom.class)]]
[loading ZipFileIndexFileObject[/usr/lib/jvm/java-8-openjdk-amd64/lib/ct.sym(META-INF/sym/rt.jar/java/security/NoSuchAlgorithmException.class)]]
[loading ZipFileIndexFileObject[/usr/lib/jvm/java-8-openjdk-amd64/lib/ct.sym(META-INF/sym/rt.jar/java/security/NoSuchProviderException.class)]]
[loading ZipFileIndexFileObject[/usr/lib/jvm/java-8-openjdk-amd64/lib/ct.sym(META-INF/sym/rt.jar/java/security/KeyManagementException.class)]]
[loading ZipFileIndexFileObject[/usr/lib/jvm/java-8-openjdk-amd64/lib/ct.sym(META-INF/sym/rt.jar/java/security/KeyException.class)]]
[wrote RegularFileObject[/home/js/dev/repo/ridill/java/pgmCrawler/build/com/dulishuo/test/test0728$1.class]]
[wrote RegularFileObject[/home/js/dev/repo/ridill/java/pgmCrawler/build/com/dulishuo/test/test0728$2.class]]
[loading ZipFileIndexFileObject[/usr/lib/jvm/java-8-openjdk-amd64/lib/ct.sym(META-INF/sym/rt.jar/javax/net/ssl/KeyManager.class)]]
[wrote RegularFileObject[/home/js/dev/repo/ridill/java/pgmCrawler/build/com/dulishuo/test/test0728.class]]
[checking com.dulishuo.test.test0731]
[wrote RegularFileObject[/home/js/dev/repo/ridill/java/pgmCrawler/build/com/dulishuo/test/test0731.class]]
[checking com.dulishuo.test.test0810]
[wrote RegularFileObject[/home/js/dev/repo/ridill/java/pgmCrawler/build/com/dulishuo/test/test0810.class]]
[checking com.dulishuo.test.test7024]
[wrote RegularFileObject[/home/js/dev/repo/ridill/java/pgmCrawler/build/com/dulishuo/test/test7024.class]]
[checking com.dulishuo.test.testGetFields]
[wrote RegularFileObject[/home/js/dev/repo/ridill/java/pgmCrawler/build/com/dulishuo/test/testGetFields.class]]
[checking com.dulishuo.times.GetSchoolRank]
[wrote RegularFileObject[/home/js/dev/repo/ridill/java/pgmCrawler/build/com/dulishuo/times/GetSchoolRank.class]]
[checking com.dulishuo.times.sixteen.GlobalSchRak]
[wrote RegularFileObject[/home/js/dev/repo/ridill/java/pgmCrawler/build/com/dulishuo/times/sixteen/GlobalSchRak.class]]
[checking com.dulishuo.usnews.AcceptEmployedRateGet]
[wrote RegularFileObject[/home/js/dev/repo/ridill/java/pgmCrawler/build/com/dulishuo/usnews/AcceptEmployedRateGet.class]]
[checking com.dulishuo.usnews.Comp]
[wrote RegularFileObject[/home/js/dev/repo/ridill/java/pgmCrawler/build/com/dulishuo/usnews/Comp.class]]
[checking com.dulishuo.usnews.InfoGet]
[wrote RegularFileObject[/home/js/dev/repo/ridill/java/pgmCrawler/build/com/dulishuo/usnews/InfoGet.class]]
[checking com.dulishuo.usnews.InstituteNewField]
[wrote RegularFileObject[/home/js/dev/repo/ridill/java/pgmCrawler/build/com/dulishuo/usnews/InstituteNewField.class]]
[checking com.dulishuo.usnews.RequireGet]
[wrote RegularFileObject[/home/js/dev/repo/ridill/java/pgmCrawler/build/com/dulishuo/usnews/RequireGet.class]]
[checking com.dulishuo.usnews.SchoolMatch]
[wrote RegularFileObject[/home/js/dev/repo/ridill/java/pgmCrawler/build/com/dulishuo/usnews/SchoolMatch.class]]
[checking com.dulishuo.usnews.SixFacultyRanking]
[wrote RegularFileObject[/home/js/dev/repo/ridill/java/pgmCrawler/build/com/dulishuo/usnews/SixFacultyRanking.class]]
[checking com.dulishuo.usnews.UrlGet]
[wrote RegularFileObject[/home/js/dev/repo/ridill/java/pgmCrawler/build/com/dulishuo/usnews/UrlGet.class]]
[checking com.dulishuo.usnews.UrlGetGrab]
[wrote RegularFileObject[/home/js/dev/repo/ridill/java/pgmCrawler/build/com/dulishuo/usnews/UrlGetGrab.class]]
[checking com.dulishuo.usnews.sixteen.GlobalSchoolRank]
[wrote RegularFileObject[/home/js/dev/repo/ridill/java/pgmCrawler/build/com/dulishuo/usnews/sixteen/GlobalSchoolRank.class]]
[checking com.dulishuo.util.CrawlerUtil]
[wrote RegularFileObject[/home/js/dev/repo/ridill/java/pgmCrawler/build/com/dulishuo/util/CrawlerUtil$1.class]]
[wrote RegularFileObject[/home/js/dev/repo/ridill/java/pgmCrawler/build/com/dulishuo/util/CrawlerUtil$2.class]]
[wrote RegularFileObject[/home/js/dev/repo/ridill/java/pgmCrawler/build/com/dulishuo/util/CrawlerUtil.class]]
[checking com.dulishuo.util.FileUtil]
[loading ZipFileIndexFileObject[/usr/lib/jvm/java-8-openjdk-amd64/lib/ct.sym(META-INF/sym/rt.jar/java/nio/charset/CharsetDecoder.class)]]
[loading ZipFileIndexFileObject[/home/js/dev/repo/ridill/java/pgmCrawler/lib/poi-3.9-20121203.jar(org/apache/poi/hssf/model/InternalWorkbook.class)]]
[loading ZipFileIndexFileObject[/home/js/dev/repo/ridill/java/pgmCrawler/lib/poi-3.9-20121203.jar(org/apache/poi/ss/usermodel/Workbook.class)]]
[loading ZipFileIndexFileObject[/home/js/dev/repo/ridill/java/pgmCrawler/lib/poi-3.9-20121203.jar(org/apache/poi/POIDocument.class)]]
[loading ZipFileIndexFileObject[/home/js/dev/repo/ridill/java/pgmCrawler/lib/poi-3.9-20121203.jar(org/apache/poi/ss/usermodel/Sheet.class)]]
[loading ZipFileIndexFileObject[/home/js/dev/repo/ridill/java/pgmCrawler/lib/poi-3.9-20121203.jar(org/apache/poi/ss/usermodel/Row.class)]]
[loading ZipFileIndexFileObject[/home/js/dev/repo/ridill/java/pgmCrawler/lib/poi-3.9-20121203.jar(org/apache/poi/hssf/usermodel/HSSFCell.class)]]
[loading ZipFileIndexFileObject[/home/js/dev/repo/ridill/java/pgmCrawler/lib/poi-3.9-20121203.jar(org/apache/poi/ss/usermodel/Cell.class)]]
[wrote RegularFileObject[/home/js/dev/repo/ridill/java/pgmCrawler/build/com/dulishuo/util/FileUtil.class]]
[checking com.dulishuo.yimusanfendi.Crawler]
[wrote RegularFileObject[/home/js/dev/repo/ridill/java/pgmCrawler/build/com/dulishuo/yimusanfendi/Crawler.class]]
[checking com.dulishuo.yimusanfendi.CrawlerTask]
[wrote RegularFileObject[/home/js/dev/repo/ridill/java/pgmCrawler/build/com/dulishuo/yimusanfendi/CrawlerTask.class]]
[checking com.dulishuo.yimusanfendi.TagEarse]
[wrote RegularFileObject[/home/js/dev/repo/ridill/java/pgmCrawler/build/com/dulishuo/yimusanfendi/TagEarse.class]]
[checking com.dulishuo.yimusanfendi.UrlCrawler]
[wrote RegularFileObject[/home/js/dev/repo/ridill/java/pgmCrawler/build/com/dulishuo/yimusanfendi/UrlCrawler.class]]
[checking com.dulishuo.yimusanfendi.luanmaProcess]
[wrote RegularFileObject[/home/js/dev/repo/ridill/java/pgmCrawler/build/com/dulishuo/yimusanfendi/luanmaProcess.class]]
[checking com.dulishuo.yimusanfendi.offer.GetUrl]
[wrote RegularFileObject[/home/js/dev/repo/ridill/java/pgmCrawler/build/com/dulishuo/yimusanfendi/offer/GetUrl.class]]
[checking com.dulishuo.yimusanfendi.offer.getContent]
[wrote RegularFileObject[/home/js/dev/repo/ridill/java/pgmCrawler/build/com/dulishuo/yimusanfendi/offer/getContent.class]]
[checking com.dulishuo.yimusanfendi.offer.offerProcess]
[loading ZipFileIndexFileObject[/usr/lib/jvm/java-8-openjdk-amd64/lib/ct.sym(META-INF/sym/rt.jar/java/lang/Math.class)]]
[wrote RegularFileObject[/home/js/dev/repo/ridill/java/pgmCrawler/build/com/dulishuo/yimusanfendi/offer/offerProcess.class]]
[checking com.dulishuo.yimusanfendi.testCapture]
[loading ZipFileIndexFileObject[/home/js/dev/repo/ridill/java/pgmCrawler/lib/commons-httpclient-3.1.jar(org/apache/commons/httpclient/params/HttpClientParams.class)]]
[loading ZipFileIndexFileObject[/home/js/dev/repo/ridill/java/pgmCrawler/lib/commons-httpclient-3.1.jar(org/apache/commons/httpclient/params/HttpMethodParams.class)]]
[loading ZipFileIndexFileObject[/home/js/dev/repo/ridill/java/pgmCrawler/lib/commons-httpclient-3.1.jar(org/apache/commons/httpclient/params/DefaultHttpParams.class)]]
[loading ZipFileIndexFileObject[/home/js/dev/repo/ridill/java/pgmCrawler/lib/commons-httpclient-3.1.jar(org/apache/commons/httpclient/params/HttpParams.class)]]
[loading ZipFileIndexFileObject[/home/js/dev/repo/ridill/java/pgmCrawler/lib/commons-httpclient-3.1.jar(org/apache/commons/httpclient/HttpState.class)]]
[loading ZipFileIndexFileObject[/usr/lib/jvm/java-8-openjdk-amd64/lib/ct.sym(META-INF/sym/rt.jar/java/util/Comparator.class)]]
[loading ZipFileIndexFileObject[/home/js/dev/repo/ridill/java/pgmCrawler/lib/commons-httpclient-3.1.jar(org/apache/commons/httpclient/Header.class)]]
[loading ZipFileIndexFileObject[/usr/lib/jvm/java-8-openjdk-amd64/lib/ct.sym(META-INF/sym/rt.jar/java/util/zip/InflaterInputStream.class)]]
[loading ZipFileIndexFileObject[/usr/lib/jvm/java-8-openjdk-amd64/lib/ct.sym(META-INF/sym/rt.jar/java/io/FilterInputStream.class)]]
[wrote RegularFileObject[/home/js/dev/repo/ridill/java/pgmCrawler/build/com/dulishuo/yimusanfendi/testCapture.class]]
[checking com.dulishuo.zhongyingwang.RankEngSchool]
[wrote RegularFileObject[/home/js/dev/repo/ridill/java/pgmCrawler/build/com/dulishuo/zhongyingwang/RankEngSchool.class]]
[checking com.dulishuo.zhongyingwang.Test]
[wrote RegularFileObject[/home/js/dev/repo/ridill/java/pgmCrawler/build/com/dulishuo/zhongyingwang/Test.class]]
[checking com.dulishuo.zhongyingwang.ZywCrawler]
[wrote RegularFileObject[/home/js/dev/repo/ridill/java/pgmCrawler/build/com/dulishuo/zhongyingwang/ZywCrawler.class]]
[checking com.dulishuo.zhongyingwang.pgmProcess]
[wrote RegularFileObject[/home/js/dev/repo/ridill/java/pgmCrawler/build/com/dulishuo/zhongyingwang/pgmProcess.class]]
[checking com.dulishuo.zhongyingwang.shlIntroduce]
[wrote RegularFileObject[/home/js/dev/repo/ridill/java/pgmCrawler/build/com/dulishuo/zhongyingwang/shlIntroduce.class]]
[total 1036ms]
Note: Some input files use or override a deprecated API.
Note: Recompile with -Xlint:deprecation for details.
Note: Some input files use unchecked or unsafe operations.
Note: Recompile with -Xlint:unchecked for details.
1 warning
