12-07 10:47:12 ERROR - error - com.dulishuo.shenqingfang.offer.UrlGet, when execute :waiting list
12-07 10:47:12 ERROR - java.lang.NullPointerException
12-07 11:46:46 ERROR - error - com.dulishuo.shenqingfang.offer.UrlGet, when execute :国内牛推
12-07 11:46:46 ERROR - java.lang.NullPointerException
12-07 11:46:47 ERROR - error - com.dulishuo.shenqingfang.offer.UrlGet, when execute :高质量套磁
12-07 11:46:47 ERROR - java.lang.NullPointerException
12-07 11:46:47 ERROR - error - com.dulishuo.shenqingfang.offer.UrlGet, when execute :牛offer
12-07 11:46:47 ERROR - java.lang.NullPointerException
12-07 11:46:48 ERROR - error - com.dulishuo.shenqingfang.offer.UrlGet, when execute :全悲剧
12-07 11:46:48 ERROR - java.lang.NullPointerException
12-07 11:46:48 ERROR - error - com.dulishuo.shenqingfang.offer.UrlGet, when execute :低GPA
12-07 11:46:48 ERROR - java.lang.NullPointerException
12-07 11:47:23 ERROR - error - com.dulishuo.shenqingfang.offer.UrlGet, when execute :国内牛推
12-07 11:47:23 ERROR - java.lang.IndexOutOfBoundsException: Index: 0, Size: 0
12-07 11:47:24 ERROR - error - com.dulishuo.shenqingfang.offer.UrlGet, when execute :高质量套磁
12-07 11:47:24 ERROR - java.lang.IndexOutOfBoundsException: Index: 0, Size: 0
12-07 11:47:24 ERROR - error - com.dulishuo.shenqingfang.offer.UrlGet, when execute :牛offer
12-07 11:47:24 ERROR - java.lang.IndexOutOfBoundsException: Index: 0, Size: 0
12-07 11:47:24 ERROR - error - com.dulishuo.shenqingfang.offer.UrlGet, when execute :全悲剧
12-07 11:47:24 ERROR - java.lang.IndexOutOfBoundsException: Index: 0, Size: 0
12-07 11:47:25 ERROR - error - com.dulishuo.shenqingfang.offer.UrlGet, when execute :低GPA
12-07 11:47:25 ERROR - java.lang.IndexOutOfBoundsException: Index: 0, Size: 0
12-07 11:47:25 ERROR - error - com.dulishuo.shenqingfang.offer.UrlGet, when execute :高语言成绩
12-07 11:47:25 ERROR - java.lang.IndexOutOfBoundsException: Index: 0, Size: 0
12-07 11:47:25 ERROR - error - com.dulishuo.shenqingfang.offer.UrlGet, when execute :无paper
12-07 11:47:25 ERROR - java.lang.IndexOutOfBoundsException: Index: 0, Size: 0
12-07 11:47:26 ERROR - error - com.dulishuo.shenqingfang.offer.UrlGet, when execute :高GPA
12-07 11:47:26 ERROR - java.lang.IndexOutOfBoundsException: Index: 0, Size: 0
12-07 11:47:26 ERROR - error - com.dulishuo.shenqingfang.offer.UrlGet, when execute :小offer
12-07 11:47:26 ERROR - java.lang.IndexOutOfBoundsException: Index: 0, Size: 0
12-07 11:47:26 ERROR - error - com.dulishuo.shenqingfang.offer.UrlGet, when execute :waiting list
12-07 11:47:26 ERROR - java.lang.IndexOutOfBoundsException: Index: 0, Size: 0
12-07 11:47:27 ERROR - error - com.dulishuo.shenqingfang.offer.UrlGet, when execute :AD狂
12-07 11:47:27 ERROR - java.lang.IndexOutOfBoundsException: Index: 0, Size: 0
12-07 11:50:38 ERROR - error - com.dulishuo.shenqingfang.offer.UrlGet, when execute :国内牛推
12-07 11:50:38 ERROR - java.lang.IndexOutOfBoundsException: Index: 0, Size: 0
12-07 11:50:38 ERROR - error - com.dulishuo.shenqingfang.offer.UrlGet, when execute :高质量套磁
12-07 11:50:38 ERROR - java.lang.IndexOutOfBoundsException: Index: 0, Size: 0
12-07 11:50:38 ERROR - error - com.dulishuo.shenqingfang.offer.UrlGet, when execute :牛offer
12-07 11:50:38 ERROR - java.lang.IndexOutOfBoundsException: Index: 0, Size: 0
12-07 11:50:39 ERROR - error - com.dulishuo.shenqingfang.offer.UrlGet, when execute :全悲剧
12-07 11:50:39 ERROR - java.lang.IndexOutOfBoundsException: Index: 0, Size: 0
12-07 11:50:39 ERROR - error - com.dulishuo.shenqingfang.offer.UrlGet, when execute :低GPA
12-07 11:50:39 ERROR - java.lang.IndexOutOfBoundsException: Index: 0, Size: 0
12-07 11:50:39 ERROR - error - com.dulishuo.shenqingfang.offer.UrlGet, when execute :高语言成绩
12-07 11:50:39 ERROR - java.lang.IndexOutOfBoundsException: Index: 0, Size: 0
12-07 11:50:40 ERROR - error - com.dulishuo.shenqingfang.offer.UrlGet, when execute :无paper
12-07 11:50:40 ERROR - java.lang.IndexOutOfBoundsException: Index: 0, Size: 0
12-07 11:50:40 ERROR - error - com.dulishuo.shenqingfang.offer.UrlGet, when execute :高GPA
12-07 11:50:40 ERROR - java.lang.IndexOutOfBoundsException: Index: 0, Size: 0
12-07 11:50:40 ERROR - error - com.dulishuo.shenqingfang.offer.UrlGet, when execute :小offer
12-07 11:50:40 ERROR - java.lang.IndexOutOfBoundsException: Index: 0, Size: 0
12-07 11:50:41 ERROR - error - com.dulishuo.shenqingfang.offer.UrlGet, when execute :waiting list
12-07 11:50:41 ERROR - java.lang.IndexOutOfBoundsException: Index: 0, Size: 0
12-07 11:50:41 ERROR - error - com.dulishuo.shenqingfang.offer.UrlGet, when execute :AD狂
12-07 11:50:41 ERROR - java.lang.IndexOutOfBoundsException: Index: 0, Size: 0
12-07 11:50:41 ERROR - error - com.dulishuo.shenqingfang.offer.UrlGet, when execute :水paper
12-07 11:50:41 ERROR - java.lang.IndexOutOfBoundsException: Index: 0, Size: 0
12-07 11:50:42 ERROR - error - com.dulishuo.shenqingfang.offer.UrlGet, when execute :无牛推
12-07 11:50:42 ERROR - java.lang.IndexOutOfBoundsException: Index: 0, Size: 0
12-07 11:50:42 ERROR - error - com.dulishuo.shenqingfang.offer.UrlGet, when execute :中等语言成绩
12-07 11:50:42 ERROR - java.lang.IndexOutOfBoundsException: Index: 0, Size: 0
12-07 11:50:42 ERROR - error - com.dulishuo.shenqingfang.offer.UrlGet, when execute :无科研经历
12-07 11:50:42 ERROR - java.lang.IndexOutOfBoundsException: Index: 0, Size: 0
12-07 11:50:42 ERROR - error - com.dulishuo.shenqingfang.offer.UrlGet, when execute :无海外交换
12-07 11:50:42 ERROR - java.lang.IndexOutOfBoundsException: Index: 0, Size: 0
12-07 11:50:43 ERROR - error - com.dulishuo.shenqingfang.offer.UrlGet, when execute :无套磁
12-07 11:50:43 ERROR - java.lang.IndexOutOfBoundsException: Index: 0, Size: 0
12-07 11:50:43 ERROR - error - com.dulishuo.shenqingfang.offer.UrlGet, when execute :低语言成绩
12-07 11:50:43 ERROR - java.lang.IndexOutOfBoundsException: Index: 0, Size: 0
12-07 11:50:43 ERROR - error - com.dulishuo.shenqingfang.offer.UrlGet, when execute :双飞
12-07 11:50:43 ERROR - java.lang.IndexOutOfBoundsException: Index: 0, Size: 0
12-07 11:50:44 ERROR - error - com.dulishuo.shenqingfang.offer.UrlGet, when execute :多paper
12-07 11:50:44 ERROR - java.lang.IndexOutOfBoundsException: Index: 0, Size: 0
12-07 11:53:26 ERROR - error - com.dulishuo.shenqingfang.offer.UrlGet, when execute :国内牛推
12-07 11:53:26 ERROR - java.lang.IndexOutOfBoundsException: Index: 0, Size: 0
12-07 11:53:26 ERROR - error - com.dulishuo.shenqingfang.offer.UrlGet, when execute :高质量套磁
12-07 11:53:26 ERROR - java.lang.IndexOutOfBoundsException: Index: 0, Size: 0
12-07 11:53:27 ERROR - error - com.dulishuo.shenqingfang.offer.UrlGet, when execute :牛offer
12-07 11:53:27 ERROR - java.lang.IndexOutOfBoundsException: Index: 0, Size: 0
12-07 11:53:27 ERROR - error - com.dulishuo.shenqingfang.offer.UrlGet, when execute :全悲剧
12-07 11:53:27 ERROR - java.lang.IndexOutOfBoundsException: Index: 0, Size: 0
12-07 11:53:27 ERROR - error - com.dulishuo.shenqingfang.offer.UrlGet, when execute :低GPA
12-07 11:53:27 ERROR - java.lang.IndexOutOfBoundsException: Index: 0, Size: 0
12-07 11:53:28 ERROR - error - com.dulishuo.shenqingfang.offer.UrlGet, when execute :高语言成绩
12-07 11:53:28 ERROR - java.lang.IndexOutOfBoundsException: Index: 0, Size: 0
12-07 11:53:28 ERROR - error - com.dulishuo.shenqingfang.offer.UrlGet, when execute :无paper
12-07 11:53:28 ERROR - java.lang.IndexOutOfBoundsException: Index: 0, Size: 0
12-07 11:58:47 ERROR - error - class:com.dulishuo.shenqingfang.offer.UrlGet method: parse()
12-07 11:58:47 ERROR - java.lang.IndexOutOfBoundsException: Index: 0, Size: 0
12-07 11:58:47 ERROR - error - class:com.dulishuo.shenqingfang.offer.UrlGet method: parse()
12-07 11:58:47 ERROR - java.lang.IndexOutOfBoundsException: Index: 0, Size: 0
12-07 11:58:47 ERROR - error - class:com.dulishuo.shenqingfang.offer.UrlGet method: parse()
12-07 11:58:47 ERROR - java.lang.IndexOutOfBoundsException: Index: 0, Size: 0
12-07 11:58:47 ERROR - error - class:com.dulishuo.shenqingfang.offer.UrlGet method: parse()
12-07 11:58:47 ERROR - java.lang.IndexOutOfBoundsException: Index: 0, Size: 0
12-07 11:58:47 ERROR - error - class:com.dulishuo.shenqingfang.offer.UrlGet method: parse()
12-07 11:58:47 ERROR - java.lang.IndexOutOfBoundsException: Index: 0, Size: 0
12-07 11:58:47 ERROR - error - class:com.dulishuo.shenqingfang.offer.UrlGet method: parse()
12-07 11:58:47 ERROR - java.lang.IndexOutOfBoundsException: Index: 0, Size: 0
12-07 11:58:47 ERROR - error - class:com.dulishuo.shenqingfang.offer.UrlGet method: parse()
12-07 11:58:47 ERROR - java.lang.IndexOutOfBoundsException: Index: 0, Size: 0
12-07 11:58:47 ERROR - error - class:com.dulishuo.shenqingfang.offer.UrlGet method: parse()
12-07 11:58:47 ERROR - java.lang.IndexOutOfBoundsException: Index: 0, Size: 0
12-07 11:58:47 ERROR - error - class:com.dulishuo.shenqingfang.offer.UrlGet method: parse()
12-07 11:58:47 ERROR - java.lang.IndexOutOfBoundsException: Index: 0, Size: 0
12-07 11:58:47 ERROR - error - class:com.dulishuo.shenqingfang.offer.UrlGet method: parse()
12-07 11:58:47 ERROR - java.lang.IndexOutOfBoundsException: Index: 0, Size: 0
12-07 11:58:47 ERROR - error - class:com.dulishuo.shenqingfang.offer.UrlGet method: parse()
12-07 11:58:47 ERROR - java.lang.IndexOutOfBoundsException: Index: 0, Size: 0
12-07 11:58:47 ERROR - error - class:com.dulishuo.shenqingfang.offer.UrlGet method: parse()
12-07 11:58:47 ERROR - java.lang.IndexOutOfBoundsException: Index: 0, Size: 0
12-07 11:58:47 ERROR - error - class:com.dulishuo.shenqingfang.offer.UrlGet method: parse()
12-07 11:58:47 ERROR - java.lang.IndexOutOfBoundsException: Index: 0, Size: 0
12-07 11:58:47 ERROR - error - class:com.dulishuo.shenqingfang.offer.UrlGet method: parse()
12-07 11:58:47 ERROR - java.lang.IndexOutOfBoundsException: Index: 0, Size: 0
12-07 11:58:47 ERROR - error - class:com.dulishuo.shenqingfang.offer.UrlGet method: parse()
12-07 11:58:47 ERROR - java.lang.IndexOutOfBoundsException: Index: 0, Size: 0
12-07 11:58:47 ERROR - error - class:com.dulishuo.shenqingfang.offer.UrlGet method: parse()
12-07 11:58:47 ERROR - java.lang.IndexOutOfBoundsException: Index: 0, Size: 0
12-07 11:58:47 ERROR - error - class:com.dulishuo.shenqingfang.offer.UrlGet method: parse()
12-07 11:58:47 ERROR - java.lang.IndexOutOfBoundsException: Index: 0, Size: 0
12-07 11:58:47 ERROR - error - class:com.dulishuo.shenqingfang.offer.UrlGet method: parse()
12-07 11:58:47 ERROR - java.lang.IndexOutOfBoundsException: Index: 0, Size: 0
12-07 11:58:47 ERROR - error - class:com.dulishuo.shenqingfang.offer.UrlGet method: parse()
12-07 11:58:47 ERROR - java.lang.IndexOutOfBoundsException: Index: 0, Size: 0
12-07 11:58:47 ERROR - error - class:com.dulishuo.shenqingfang.offer.UrlGet method: parse()
12-07 11:58:47 ERROR - java.lang.IndexOutOfBoundsException: Index: 0, Size: 0
12-07 11:58:47 ERROR - error - class:com.dulishuo.shenqingfang.offer.UrlGet method: parse()
12-07 11:58:47 ERROR - java.lang.IndexOutOfBoundsException: Index: 0, Size: 0
12-07 11:58:47 ERROR - error - class:com.dulishuo.shenqingfang.offer.UrlGet method: parse()
12-07 11:58:47 ERROR - java.lang.IndexOutOfBoundsException: Index: 0, Size: 0
12-07 11:58:47 ERROR - error - class:com.dulishuo.shenqingfang.offer.UrlGet method: parse()
12-07 11:58:47 ERROR - java.lang.IndexOutOfBoundsException: Index: 0, Size: 0
12-07 11:58:47 ERROR - error - class:com.dulishuo.shenqingfang.offer.UrlGet method: parse()
12-07 11:58:47 ERROR - java.lang.IndexOutOfBoundsException: Index: 0, Size: 0
12-07 11:58:47 ERROR - error - class:com.dulishuo.shenqingfang.offer.UrlGet method: parse()
12-07 11:58:47 ERROR - java.lang.IndexOutOfBoundsException: Index: 0, Size: 0
12-07 11:58:47 ERROR - error - class:com.dulishuo.shenqingfang.offer.UrlGet method: parse()
12-07 11:58:47 ERROR - java.lang.IndexOutOfBoundsException: Index: 0, Size: 0
12-07 11:58:47 ERROR - error - class:com.dulishuo.shenqingfang.offer.UrlGet method: parse()
12-07 11:58:47 ERROR - java.lang.IndexOutOfBoundsException: Index: 0, Size: 0
12-07 11:58:47 ERROR - error - class:com.dulishuo.shenqingfang.offer.UrlGet method: parse()
12-07 11:58:47 ERROR - java.lang.IndexOutOfBoundsException: Index: 0, Size: 0
12-07 11:58:47 ERROR - error - class:com.dulishuo.shenqingfang.offer.UrlGet method: parse()
12-07 11:58:47 ERROR - java.lang.IndexOutOfBoundsException: Index: 0, Size: 0
12-07 11:58:47 ERROR - error - class:com.dulishuo.shenqingfang.offer.UrlGet method: parse()
12-07 11:58:47 ERROR - java.lang.IndexOutOfBoundsException: Index: 0, Size: 0
12-07 11:58:48 ERROR - error - class:com.dulishuo.shenqingfang.offer.UrlGet method: parse()
12-07 11:58:48 ERROR - java.lang.IndexOutOfBoundsException: Index: 0, Size: 0
12-07 11:58:48 ERROR - error - class:com.dulishuo.shenqingfang.offer.UrlGet method: parse()
12-07 11:58:48 ERROR - java.lang.IndexOutOfBoundsException: Index: 0, Size: 0
12-07 11:58:48 ERROR - error - class:com.dulishuo.shenqingfang.offer.UrlGet method: parse()
12-07 11:58:48 ERROR - java.lang.IndexOutOfBoundsException: Index: 0, Size: 0
12-07 11:58:48 ERROR - error - class:com.dulishuo.shenqingfang.offer.UrlGet method: parse()
12-07 11:58:48 ERROR - java.lang.IndexOutOfBoundsException: Index: 0, Size: 0
12-07 11:58:48 ERROR - error - class:com.dulishuo.shenqingfang.offer.UrlGet method: parse()
12-07 11:58:48 ERROR - java.lang.IndexOutOfBoundsException: Index: 0, Size: 0
12-07 11:58:48 ERROR - error - class:com.dulishuo.shenqingfang.offer.UrlGet method: parse()
12-07 11:58:48 ERROR - java.lang.IndexOutOfBoundsException: Index: 0, Size: 0
12-07 11:58:48 ERROR - error - class:com.dulishuo.shenqingfang.offer.UrlGet method: parse()
12-07 11:58:48 ERROR - java.lang.IndexOutOfBoundsException: Index: 0, Size: 0
12-07 11:58:48 ERROR - error - class:com.dulishuo.shenqingfang.offer.UrlGet method: parse()
12-07 11:58:48 ERROR - java.lang.IndexOutOfBoundsException: Index: 0, Size: 0
12-07 11:58:48 ERROR - error - class:com.dulishuo.shenqingfang.offer.UrlGet method: parse()
12-07 11:58:48 ERROR - java.lang.IndexOutOfBoundsException: Index: 0, Size: 0
12-07 11:58:48 ERROR - error - class:com.dulishuo.shenqingfang.offer.UrlGet method: parse()
12-07 11:58:48 ERROR - java.lang.IndexOutOfBoundsException: Index: 0, Size: 0
12-07 11:58:48 ERROR - error - class:com.dulishuo.shenqingfang.offer.UrlGet method: parse()
12-07 11:58:48 ERROR - java.lang.IndexOutOfBoundsException: Index: 0, Size: 0
12-07 11:58:48 ERROR - error - class:com.dulishuo.shenqingfang.offer.UrlGet method: parse()
12-07 11:58:48 ERROR - java.lang.IndexOutOfBoundsException: Index: 0, Size: 0
12-07 11:58:48 ERROR - error - class:com.dulishuo.shenqingfang.offer.UrlGet method: parse()
12-07 11:58:48 ERROR - java.lang.IndexOutOfBoundsException: Index: 0, Size: 0
12-07 11:58:48 ERROR - error - class:com.dulishuo.shenqingfang.offer.UrlGet method: parse()
12-07 11:58:48 ERROR - java.lang.IndexOutOfBoundsException: Index: 0, Size: 0
12-07 11:58:48 ERROR - error - class:com.dulishuo.shenqingfang.offer.UrlGet method: parse()
12-07 11:58:48 ERROR - java.lang.IndexOutOfBoundsException: Index: 0, Size: 0
12-07 11:58:48 ERROR - error - class:com.dulishuo.shenqingfang.offer.UrlGet method: parse()
12-07 11:58:48 ERROR - java.lang.IndexOutOfBoundsException: Index: 0, Size: 0
12-07 11:58:48 ERROR - error - class:com.dulishuo.shenqingfang.offer.UrlGet method: parse()
12-07 11:58:48 ERROR - java.lang.IndexOutOfBoundsException: Index: 0, Size: 0
12-07 11:58:48 ERROR - error - class:com.dulishuo.shenqingfang.offer.UrlGet method: parse()
12-07 11:58:48 ERROR - java.lang.IndexOutOfBoundsException: Index: 0, Size: 0
12-07 11:58:48 ERROR - error - class:com.dulishuo.shenqingfang.offer.UrlGet method: parse()
12-07 11:58:48 ERROR - java.lang.IndexOutOfBoundsException: Index: 0, Size: 0
12-07 11:58:48 ERROR - error - class:com.dulishuo.shenqingfang.offer.UrlGet method: parse()
12-07 11:58:48 ERROR - java.lang.IndexOutOfBoundsException: Index: 0, Size: 0
12-07 11:58:48 ERROR - error - class:com.dulishuo.shenqingfang.offer.UrlGet method: parse()
12-07 11:58:48 ERROR - java.lang.IndexOutOfBoundsException: Index: 0, Size: 0
12-07 11:58:48 ERROR - error - class:com.dulishuo.shenqingfang.offer.UrlGet method: parse()
12-07 11:58:48 ERROR - java.lang.IndexOutOfBoundsException: Index: 0, Size: 0
12-07 11:58:48 ERROR - error - class:com.dulishuo.shenqingfang.offer.UrlGet method: parse()
12-07 11:58:48 ERROR - java.lang.IndexOutOfBoundsException: Index: 0, Size: 0
12-07 11:58:48 ERROR - error - class:com.dulishuo.shenqingfang.offer.UrlGet method: parse()
12-07 11:58:48 ERROR - java.lang.IndexOutOfBoundsException: Index: 0, Size: 0
12-07 11:58:48 ERROR - error - class:com.dulishuo.shenqingfang.offer.UrlGet method: parse()
12-07 11:58:48 ERROR - java.lang.IndexOutOfBoundsException: Index: 0, Size: 0
12-07 11:58:48 ERROR - error - class:com.dulishuo.shenqingfang.offer.UrlGet method: parse()
12-07 11:58:48 ERROR - java.lang.IndexOutOfBoundsException: Index: 0, Size: 0
12-07 11:58:48 ERROR - error - class:com.dulishuo.shenqingfang.offer.UrlGet method: parse()
12-07 11:58:48 ERROR - java.lang.IndexOutOfBoundsException: Index: 0, Size: 0
12-07 11:58:48 ERROR - error - class:com.dulishuo.shenqingfang.offer.UrlGet method: parse()
12-07 11:58:48 ERROR - java.lang.IndexOutOfBoundsException: Index: 0, Size: 0
12-07 11:58:48 ERROR - error - class:com.dulishuo.shenqingfang.offer.UrlGet method: parse()
12-07 11:58:48 ERROR - java.lang.IndexOutOfBoundsException: Index: 0, Size: 0
12-07 11:58:48 ERROR - error - class:com.dulishuo.shenqingfang.offer.UrlGet method: parse()
12-07 11:58:48 ERROR - java.lang.IndexOutOfBoundsException: Index: 0, Size: 0
12-07 12:12:32 ERROR - error - class:com.dulishuo.shenqingfang.offer.UrlGet method: parse()
12-07 12:12:32 ERROR - java.lang.ArrayIndexOutOfBoundsException: 1
12-07 12:12:39 ERROR - error - class:com.dulishuo.shenqingfang.offer.UrlGet method: parse()
12-07 12:12:39 ERROR - java.lang.ArrayIndexOutOfBoundsException: 1
12-07 12:12:39 ERROR - error - class:com.dulishuo.shenqingfang.offer.UrlGet method: parse()
12-07 12:12:39 ERROR - java.lang.ArrayIndexOutOfBoundsException: 1
12-07 12:23:30 ERROR - error - class:com.dulishuo.shenqingfang.offer.UrlGet method: parse()
12-07 12:23:30 ERROR - java.lang.ArrayIndexOutOfBoundsException: 1
12-07 12:23:36 ERROR - error - class:com.dulishuo.shenqingfang.offer.UrlGet method: parse()
12-07 12:23:36 ERROR - java.lang.ArrayIndexOutOfBoundsException: 1
12-07 12:23:37 ERROR - error - class:com.dulishuo.shenqingfang.offer.UrlGet method: parse()
12-07 12:23:37 ERROR - java.lang.ArrayIndexOutOfBoundsException: 1
12-07 12:23:56 ERROR - error - class:com.dulishuo.shenqingfang.offer.UrlGet method: parse()
12-07 12:23:56 ERROR - java.lang.ArrayIndexOutOfBoundsException: 1
12-07 12:23:56 ERROR - error - class:com.dulishuo.shenqingfang.offer.UrlGet method: parse()
12-07 12:23:56 ERROR - java.lang.ArrayIndexOutOfBoundsException: 1
12-07 12:24:29 ERROR - error - class:com.dulishuo.shenqingfang.offer.UrlGet method: parse()
12-07 12:24:29 ERROR - java.lang.ArrayIndexOutOfBoundsException: 1
12-07 12:24:29 ERROR - error - class:com.dulishuo.shenqingfang.offer.UrlGet method: parse()
12-07 12:24:29 ERROR - java.lang.ArrayIndexOutOfBoundsException: 1
12-07 12:24:29 ERROR - error - class:com.dulishuo.shenqingfang.offer.UrlGet method: parse()
12-07 12:24:29 ERROR - java.lang.ArrayIndexOutOfBoundsException: 1
12-07 12:24:55 ERROR - error - class:com.dulishuo.shenqingfang.offer.UrlGet method: parse()
12-07 12:24:55 ERROR - java.lang.ArrayIndexOutOfBoundsException: 1
12-07 12:24:55 ERROR - error - class:com.dulishuo.shenqingfang.offer.UrlGet method: parse()
12-07 12:24:55 ERROR - java.lang.ArrayIndexOutOfBoundsException: 1
12-07 12:25:24 ERROR - error - class:com.dulishuo.shenqingfang.offer.UrlGet method: parse()
12-07 12:25:24 ERROR - java.lang.ArrayIndexOutOfBoundsException: 1
12-07 12:25:24 ERROR - error - class:com.dulishuo.shenqingfang.offer.UrlGet method: parse()
12-07 12:25:24 ERROR - java.lang.ArrayIndexOutOfBoundsException: 1
12-07 12:25:27 ERROR - error - class:com.dulishuo.shenqingfang.offer.UrlGet method: parse()
12-07 12:25:27 ERROR - java.lang.ArrayIndexOutOfBoundsException: 1
12-07 12:25:31 ERROR - error - class:com.dulishuo.shenqingfang.offer.UrlGet method: parse()
12-07 12:25:31 ERROR - java.lang.ArrayIndexOutOfBoundsException: 1
12-07 12:25:34 ERROR - error - class:com.dulishuo.shenqingfang.offer.UrlGet method: parse()
12-07 12:25:34 ERROR - java.lang.ArrayIndexOutOfBoundsException: 1
12-07 12:26:01 ERROR - error - class:com.dulishuo.shenqingfang.offer.UrlGet method: parse()
12-07 12:26:01 ERROR - java.lang.ArrayIndexOutOfBoundsException: 1
12-07 12:26:21 ERROR - error - class:com.dulishuo.shenqingfang.offer.UrlGet method: parse()
12-07 12:26:21 ERROR - java.lang.ArrayIndexOutOfBoundsException: 1
12-07 12:26:21 ERROR - error - class:com.dulishuo.shenqingfang.offer.UrlGet method: parse()
12-07 12:26:21 ERROR - java.lang.ArrayIndexOutOfBoundsException: 1
12-07 12:26:21 ERROR - error - class:com.dulishuo.shenqingfang.offer.UrlGet method: parse()
12-07 12:26:21 ERROR - java.lang.ArrayIndexOutOfBoundsException: 1
12-07 12:26:21 ERROR - error - class:com.dulishuo.shenqingfang.offer.UrlGet method: parse()
12-07 12:26:21 ERROR - java.lang.ArrayIndexOutOfBoundsException: 1
12-07 12:26:21 ERROR - error - class:com.dulishuo.shenqingfang.offer.UrlGet method: parse()
12-07 12:26:21 ERROR - java.lang.ArrayIndexOutOfBoundsException: 1
12-07 12:26:22 ERROR - error - class:com.dulishuo.shenqingfang.offer.UrlGet method: parse()
12-07 12:26:22 ERROR - java.lang.ArrayIndexOutOfBoundsException: 1
12-07 13:57:36 ERROR - error - class:com.dulishuo.shenqingfang.offer.UrlGet method- parse():牛offer:https://www.applysquare.com/zh-cn/case/?q=tag:牛offer&page=12
12-07 13:57:36 ERROR - java.lang.ArrayIndexOutOfBoundsException: 1
